<?xml version="1.0" encoding="UTF-8"?>
<testsuite xmlns:xsi="http://www.w3.org/2001/XMLSchema-instance" xsi:noNamespaceSchemaLocation="https://maven.apache.org/surefire/maven-surefire-plugin/xsd/surefire-test-report.xsd" version="3.0.2" name="com.comp4801.jobportal.services.ResumeExportServiceTest" time="0.082" tests="2" errors="0" skipped="0" failures="0" flakes="0">
  <properties>
[...]
</properties>
  <testcase name="latexNormalizesCommonPastedCharacters" classname="com.comp4801.jobportal.services.ResumeExportServiceTest" time="0.042"/>
  <testcase name="renderLinksDetokenizesUrlsAndEscapesLabels" classname="com.comp4801.jobportal.services.ResumeExportServiceTest" time="0.008"/>
</testsuite>